<?xml version="1.0" encoding="UTF-8"?>
<testsuite xmlns:xsi="http://www.w3.org/2001/XMLSchema-instance" xsi:noNamespaceSchemaLocation="https://maven.apache.org/surefire/maven-surefire-plugin/xsd/surefire-test-report.xsd" version="3.0.2" name="com.todolist.libraryapi.ApplicationTests" time="7.051" tests="1" errors="0" skipped="0" failures="0">
  <properties>
[...]
</properties>
  <testcase name="contextLoads" classname="com.todolist.libraryapi.ApplicationTests" time="0.762">
    <system-out><![CDATA[11:57:17.219 [main] INFO org.springframework.test.context.support.AnnotationConfigContextLoaderUtils -- Could not detect default configuration classes for test class [com.todolist.libraryapi.ApplicationTests]: ApplicationTests does not declare any static, non-private, non-final, nested classes annotated with @Configuration.
11:57:17.490 [main] INFO org.springframework.boot.test.context.SpringBootTestContextBootstrapper -- Found @SpringBootConfiguration com.todolist.libraryapi.Application for test class com.todolist.libraryapi.ApplicationTests

  .   ____          _            __ _ _
 /\\ / ___'_ __ _ _(_)_ __  __ _ \ \ \ \
( ( )\___ | '_ | '_| | '_ \/ _` | \ \ \ \
 \\/  ___)| |_)| | | | | || (_| |  ) ) ) )
  '  |____| .__|_| |_|_| |_\__, | / / / /
 =========|_|==============|___/=/_/_/_/

 :: Spring Boot ::                (v3.4.0)

2024-12-04T11:57:18.562-03:00  INFO 6956 --- [libraryapi] [           main] c.todolist.libraryapi.ApplicationTests   : Starting ApplicationTests using Java 17.0.12 with PID 6956 (started by SUPORTE in C:\ws-sts\libraryapi)
2024-12-04T11:57:18.564-03:00  INFO 6956 --- [libraryapi] [           main] c.todolist.libraryapi.ApplicationTests   : No active profile set, falling back to 1 default profile: "default"
2024-12-04T11:57:19.282-03:00  INFO 6956 --- [libraryapi] [           main] .s.d.r.c.RepositoryConfigurationDelegate : Bootstrapping Spring Data JPA repositories in DEFAULT mode.
2024-12-04T11:57:19.321-03:00  INFO 6956 --- [libraryapi] [           main] .s.d.r.c.RepositoryConfigurationDelegate : Finished Spring Data repository scanning in 21 ms. Found 0 JPA repository interfaces.
2024-12-04T11:57:19.749-03:00  WARN 6956 --- [libraryapi] [           main] com.zaxxer.hikari.HikariConfig           : library-db-pool - idleTimeout is close to or more than maxLifetime, disabling it.
2024-12-04T11:57:19.759-03:00  INFO 6956 --- [libraryapi] [           main] com.zaxxer.hikari.HikariDataSource       : library-db-pool - Starting...
2024-12-04T11:57:20.236-03:00  INFO 6956 --- [libraryapi] [           main] com.zaxxer.hikari.pool.HikariPool        : library-db-pool - Added connection org.postgresql.jdbc.PgConnection@2806d6da
2024-12-04T11:57:20.238-03:00  INFO 6956 --- [libraryapi] [           main] com.zaxxer.hikari.HikariDataSource       : library-db-pool - Start completed.
2024-12-04T11:57:20.437-03:00  INFO 6956 --- [libraryapi] [           main] o.hibernate.jpa.internal.util.LogHelper  : HHH000204: Processing PersistenceUnitInfo [name: default]
2024-12-04T11:57:20.607-03:00  INFO 6956 --- [libraryapi] [           main] org.hibernate.Version                    : HHH000412: Hibernate ORM core version 6.6.2.Final
2024-12-04T11:57:20.688-03:00  INFO 6956 --- [libraryapi] [           main] o.h.c.internal.RegionFactoryInitiator    : HHH000026: Second-level cache disabled
2024-12-04T11:57:21.175-03:00  INFO 6956 --- [libraryapi] [           main] o.s.o.j.p.SpringPersistenceUnitInfo      : No LoadTimeWeaver setup: ignoring JPA class transformer
2024-12-04T11:57:21.380-03:00  INFO 6956 --- [libraryapi] [           main] org.hibernate.orm.connections.pooling    : HHH10001005: Database info:
	Database JDBC URL [Connecting through datasource 'HikariDataSource (library-db-pool)']
	Database driver: undefined/unknown
	Database version: 16.3
	Autocommit mode: undefined/unknown
	Isolation level: undefined/unknown
	Minimum pool size: undefined/unknown
	Maximum pool size: undefined/unknown
2024-12-04T11:57:22.695-03:00  INFO 6956 --- [libraryapi] [           main] o.h.e.t.j.p.i.JtaPlatformInitiator       : HHH000489: No JTA platform available (set 'hibernate.transaction.jta.platform' to enable JTA platform integration)
2024-12-04T11:57:22.700-03:00  INFO 6956 --- [libraryapi] [           main] j.LocalContainerEntityManagerFactoryBean : Initialized JPA EntityManagerFactory for persistence unit 'default'
2024-12-04T11:57:22.914-03:00  INFO 6956 --- [libraryapi] [           main] c.todolist.libraryapi.ApplicationTests   : Started ApplicationTests in 5.039 seconds (process running for 7.642)
]]></system-out>
  </testcase>
</testsuite>